Flow report for ov5640_ethernet
Mon Oct 31 18:48:30 2016
Quartus II 64-Bit Version 12.1 Build 177 11/07/2012 SJ Full Version


---------------------
; Table of Contents ;
---------------------
  1. Legal Notice
  2. Flow Summary
  3. Flow Settings
  4. Flow Non-Default Global Settings
  5. Flow Elapsed Time
  6. Flow OS Summary
  7. Flow Log



----------------
; Legal Notice ;
----------------
Copyright (C) 1991-2012 Altera Corporation
Your use of Altera Corporation's design tools, logic functions 
and other software and tools, and its AMPP partner logic 
functions, and any output files from any of the foregoing 
(including device programming or simulation files), and any 
associated documentation or information are expressly subject 
to the terms and conditions of the Altera Program License 
Subscription Agreement, Altera MegaCore Function License 
Agreement, or other applicable license agreement, including, 
without limitation, that your use is for the sole purpose of 
programming logic devices manufactured by Altera and sold by 
Altera or its authorized distributors.  Please refer to the 
applicable agreement for further details.



+--------------------------------------------------------------------------------+
; Flow Summary                                                                   ;
+------------------------------------+-------------------------------------------+
; Flow Status                        ; Successful - Mon Oct 31 18:48:30 2016     ;
; Quartus II 64-Bit Version          ; 12.1 Build 177 11/07/2012 SJ Full Version ;
; Revision Name                      ; ov5640_ethernet                           ;
; Top-level Entity Name              ; ov5640_ethernet                           ;
; Family                             ; Cyclone IV E                              ;
; Device                             ; EP4CE30F23C8                              ;
; Timing Models                      ; Final                                     ;
; Total logic elements               ; 1,079 / 28,848 ( 4 % )                    ;
;     Total combinational functions  ; 992 / 28,848 ( 3 % )                      ;
;     Dedicated logic registers      ; 353 / 28,848 ( 1 % )                      ;
; Total registers                    ; 362                                       ;
; Total pins                         ; 49 / 329 ( 15 % )                         ;
; Total virtual pins                 ; 0                                         ;
; Total memory bits                  ; 16,384 / 608,256 ( 3 % )                  ;
; Embedded Multiplier 9-bit elements ; 0 / 132 ( 0 % )                           ;
; Total PLLs                         ; 1 / 4 ( 25 % )                            ;
+------------------------------------+-------------------------------------------+


+-----------------------------------------+
; Flow Settings                           ;
+-------------------+---------------------+
; Option            ; Setting             ;
+-------------------+---------------------+
; Start date & time ; 10/31/2016 18:47:55 ;
; Main task         ; Compilation         ;
; Revision Name     ; ov5640_ethernet     ;
+-------------------+---------------------+


+----------------------------------------------------------------------------------------------------------------------------+
; Flow Non-Default Global Settings                                                                                           ;
+-------------------------------------+---------------------------------------+---------------+-------------+----------------+
; Assignment Name                     ; Value                                 ; Default Value ; Entity Name ; Section Id     ;
+-------------------------------------+---------------------------------------+---------------+-------------+----------------+
; COMPILER_SIGNATURE_ID               ; 48736235528460.147791087508204        ; --            ; --          ; --             ;
; EDA_OUTPUT_DATA_FORMAT              ; Vhdl                                  ; --            ; --          ; eda_simulation ;
; EDA_SIMULATION_TOOL                 ; ModelSim-Altera (VHDL)                ; <None>        ; --          ; --             ;
; IP_TOOL_NAME                        ; ALTPLL                                ; --            ; --          ; --             ;
; IP_TOOL_NAME                        ; FIFO                                  ; --            ; --          ; --             ;
; IP_TOOL_VERSION                     ; 12.1                                  ; --            ; --          ; --             ;
; IP_TOOL_VERSION                     ; 12.1                                  ; --            ; --          ; --             ;
; MAX_CORE_JUNCTION_TEMP              ; 85                                    ; --            ; --          ; --             ;
; MIN_CORE_JUNCTION_TEMP              ; 0                                     ; --            ; --          ; --             ;
; MISC_FILE                           ; pll_bb.v                              ; --            ; --          ; --             ;
; MISC_FILE                           ; pll.ppf                               ; --            ; --          ; --             ;
; MISC_FILE                           ; cmos1_fifo_bb.v                       ; --            ; --          ; --             ;
; PARTITION_COLOR                     ; 16764057                              ; --            ; --          ; Top            ;
; PARTITION_FITTER_PRESERVATION_LEVEL ; PLACEMENT_AND_ROUTING                 ; --            ; --          ; Top            ;
; PARTITION_NETLIST_TYPE              ; SOURCE                                ; --            ; --          ; Top            ;
; POWER_BOARD_THERMAL_MODEL           ; None (CONSERVATIVE)                   ; --            ; --          ; --             ;
; POWER_PRESET_COOLING_SOLUTION       ; 23 MM HEAT SINK WITH 200 LFPM AIRFLOW ; --            ; --          ; --             ;
; PROJECT_OUTPUT_DIRECTORY            ; output_files                          ; --            ; --          ; --             ;
+-------------------------------------+---------------------------------------+---------------+-------------+----------------+


+-------------------------------------------------------------------------------------------------------------------------------+
; Flow Elapsed Time                                                                                                             ;
+---------------------------+--------------+-------------------------+---------------------+------------------------------------+
; Module Name               ; Elapsed Time ; Average Processors Used ; Peak Virtual Memory ; Total CPU Time (on all processors) ;
+---------------------------+--------------+-------------------------+---------------------+------------------------------------+
; Analysis & Synthesis      ; 00:00:08     ; 1.0                     ; 477 MB              ; 00:00:08                           ;
; Fitter                    ; 00:00:15     ; 2.8                     ; 777 MB              ; 00:00:18                           ;
; Assembler                 ; 00:00:02     ; 1.0                     ; 423 MB              ; 00:00:02                           ;
; TimeQuest Timing Analyzer ; 00:00:04     ; 1.0                     ; 501 MB              ; 00:00:04                           ;
; EDA Netlist Writer        ; 00:00:02     ; 1.0                     ; 403 MB              ; 00:00:02                           ;
; Total                     ; 00:00:31     ; --                      ; --                  ; 00:00:34                           ;
+---------------------------+--------------+-------------------------+---------------------+------------------------------------+


+----------------------------------------------------------------------------------------+
; Flow OS Summary                                                                        ;
+---------------------------+------------------+-----------+------------+----------------+
; Module Name               ; Machine Hostname ; OS Name   ; OS Version ; Processor type ;
+---------------------------+------------------+-----------+------------+----------------+
; Analysis & Synthesis      ; LAOLUO-PC        ; Windows 7 ; 6.1        ; x86_64         ;
; Fitter                    ; LAOLUO-PC        ; Windows 7 ; 6.1        ; x86_64         ;
; Assembler                 ; LAOLUO-PC        ; Windows 7 ; 6.1        ; x86_64         ;
; TimeQuest Timing Analyzer ; LAOLUO-PC        ; Windows 7 ; 6.1        ; x86_64         ;
; EDA Netlist Writer        ; LAOLUO-PC        ; Windows 7 ; 6.1        ; x86_64         ;
+---------------------------+------------------+-----------+------------+----------------+


------------
; Flow Log ;
------------
quartus_map --read_settings_files=on --write_settings_files=off ov5640_ethernet -c ov5640_ethernet
quartus_fit --read_settings_files=off --write_settings_files=off ov5640_ethernet -c ov5640_ethernet
quartus_asm --read_settings_files=off --write_settings_files=off ov5640_ethernet -c ov5640_ethernet
quartus_sta ov5640_ethernet -c ov5640_ethernet
quartus_eda --read_settings_files=off --write_settings_files=off ov5640_ethernet -c ov5640_ethernet



