EDA Netlist Writer report for ov7670_ddr_vga
Sat May 28 18:25:52 2016
Quartus II 64-Bit Version 12.1 Build 177 11/07/2012 SJ Full Version


---------------------
; Table of Contents ;
---------------------
  1. Legal Notice
  2. EDA Netlist Writer Summary
  3. EDA Netlist Writer Messages



----------------
; Legal Notice ;
----------------
Copyright (C) 1991-2012 Altera Corporation
Your use of Altera Corporation's design tools, logic functions 
and other software and tools, and its AMPP partner logic 
functions, and any output files from any of the foregoing 
(including device programming or simulation files), and any 
associated documentation or information are expressly subject 
to the terms and conditions of the Altera Program License 
Subscription Agreement, Altera MegaCore Function License 
Agreement, or other applicable license agreement, including, 
without limitation, that your use is for the sole purpose of 
programming logic devices manufactured by Altera and sold by 
Altera or its authorized distributors.  Please refer to the 
applicable agreement for further details.



+----------------------------------------------------------------------------------+
; EDA Netlist Writer Summary                                                       ;
+---------------------------+------------------------------------------------------+
; EDA Netlist Writer Status ; No Output Files Generated - Sat May 28 18:25:52 2016 ;
; Revision Name             ; ov7670_ddr_vga                                       ;
; Top-level Entity Name     ; ov7670_ddr_vga                                       ;
; Family                    ; Cyclone IV E                                         ;
+---------------------------+------------------------------------------------------+


+-----------------------------+
; EDA Netlist Writer Messages ;
+-----------------------------+
Info: *******************************************************************
Info: Running Quartus II 64-Bit EDA Netlist Writer
    Info: Version 12.1 Build 177 11/07/2012 SJ Full Version
    Info: Processing started: Sat May 28 18:25:50 2016
Info: Command: quartus_eda --read_settings_files=on --write_settings_files=off ov7670_ddr_vga -c ov7670_ddr_vga
Warning (20013): Ignored assignments for entity "dcfifo_5bk1" -- entity does not exist in design
    Warning (20014): Assignment for entity set_instance_assignment -name CUT ON -from delayed_wrptr_g -to "rs_dgwp|dffpipe_hd9:dffpipe13|dffe14a" -entity dcfifo_5bk1 -tag quartusii was ignored
    Warning (20014): Assignment for entity set_instance_assignment -name CUT ON -from rdptr_g -to "ws_dgrp|dffpipe_id9:dffpipe16|dffe17a" -entity dcfifo_5bk1 -tag quartusii was ignored
Warning (199027): Can't generate output files. Specify command-line options to generate output files, or update EDA tool settings using GUI or Tcl script.
Info: Quartus II 64-Bit EDA Netlist Writer was successful. 0 errors, 4 warnings
    Info: Peak virtual memory: 455 megabytes
    Info: Processing ended: Sat May 28 18:25:52 2016
    Info: Elapsed time: 00:00:02
    Info: Total CPU time (on all processors): 00:00:01


